
  .   ____          _            __ _ _
 /\\ / ___'_ __ _ _(_)_ __  __ _ \ \ \ \
( ( )\___ | '_ | '_| | '_ \/ _` | \ \ \ \
 \\/  ___)| |_)| | | | | || (_| |  ) ) ) )
  '  |____| .__|_| |_|_| |_\__, | / / / /
 =========|_|==============|___/=/_/_/_/
 :: Spring Boot ::        (v2.0.4.RELEASE)

2020-06-23 12:57:51.361  INFO 14888 --- [           main] o.s.boot.SpringApplication               : Starting application on DESKTOP-L68UP35 with PID 14888 (started by yangmeng in C:\Users\yangmeng\Desktop\PhotoSystem\photoSystem_back)
2020-06-23 12:57:51.364  INFO 14888 --- [           main] o.s.boot.SpringApplication               : No active profile set, falling back to default profiles: default
2020-06-23 12:57:51.421  INFO 14888 --- [           main] ConfigServletWebServerApplicationContext : Refreshing org.springframework.boot.web.servlet.context.AnnotationConfigServletWebServerApplicationContext@6aeb35e6: startup date [Tue Jun 23 12:57:51 CST 2020]; root of context hierarchy
2020-06-23 12:57:52.582  INFO 14888 --- [           main] .s.d.r.c.RepositoryConfigurationDelegate : Multiple Spring Data modules found, entering strict repository configuration mode!
2020-06-23 12:57:53.085  INFO 14888 --- [           main] trationDelegate$BeanPostProcessorChecker : Bean 'org.springframework.transaction.annotation.ProxyTransactionManagementConfiguration' of type [org.springframework.transaction.annotation.ProxyTransactionManagementConfiguration$$EnhancerBySpringCGLIB$$9cf81214] is not eligible for getting processed by all BeanPostProcessors (for example: not eligible for auto-proxying)
2020-06-23 12:57:53.732  INFO 14888 --- [           main] o.s.b.w.embedded.tomcat.TomcatWebServer  : Tomcat initialized with port(s): 9000 (http)
2020-06-23 12:57:53.764  INFO 14888 --- [           main] o.apache.catalina.core.StandardService   : Starting service [Tomcat]
2020-06-23 12:57:53.764  INFO 14888 --- [           main] org.apache.catalina.core.StandardEngine  : Starting Servlet Engine: Apache Tomcat/8.5.32
2020-06-23 12:57:53.776  INFO 14888 --- [ost-startStop-1] o.a.catalina.core.AprLifecycleListener   : The APR based Apache Tomcat Native library which allows optimal performance in production environments was not found on the java.library.path: [C:\ProgramData\Oracle\Java\javapath;C:\WINDOWS\Sun\Java\bin;C:\WINDOWS\system32;C:\WINDOWS;G:\app\root\product\12.1.0\dbhome_1\bin;G:\app\yangmeng\product\11.2.0\dbhome_1\bin;C:\ProgramData\Oracle\Java\javapath;C:\WINDOWS\system32;C:\WINDOWS;C:\WINDOWS\System32\Wbem;C:\WINDOWS\System32\WindowsPowerShell\v1.0\;C:\Program Files\Java\jdk1.8.0_144\bin;C:\Program Files\TortoiseSVN\bin;C:\Program Files\Java\jdk1.8.0_144;C:\Users\yangmeng\AppData\Local\Programs\Python\Python36;C:\Program Files (x86)\Microsoft SQL Server\100\Tools\Binn\;C:\Program Files\Microsoft SQL Server\100\Tools\Binn\;C:\Program Files\Microsoft SQL Server\100\DTS\Binn\;C:\Program Files (x86)\Microsoft SQL Server\100\Tools\Binn\VSShell\Common7\IDE\;C:\Program Files (x86)\Microsoft Visual Studio 9.0\Common7\IDE\PrivateAssemblies\;C:\Program Files (x86)\Microsoft SQL Server\100\DTS\Binn\;D:\matlab_install\runtime\win64;D:\matlab_install\bin;C:\Program Files (x86)\Google\Chrome\Application;C:\Program Files (x86)\PTV_Vision\NEMA\JRE\bin\client;D:\SPSS\SPSS_install\JRE\bin;"C:\Program Files (x86)\scala\bin;C:\Program Files (x86)\scala\jre\bin;";C:\Program Files (x86)\scala\bin;"D:\Spark\bin;D:\Spark\bin;D:\hadoop\hadoop-2.6.4\bin;";C:\WINDOWS\System32\OpenSSH\;D:\maven\apache-maven-3.5.4\bin;C:\Program Files\VisualSVN Server\bin;C:\Program Files (x86)\Windows Kits\8.1\Windows Performance Toolkit\;C:\Program Files (x86)\Common Files\Business Objects\3.0\bin;C:\Program Files (x86)\Common Files\Business Objects\3.0\crystalreportviewers11\ActiveXControls;D:\node-v10\install\;C:\Users\yangmeng\AppData\Roaming\npm\node_modules;D:\git\git_install\Git\bin;C:\Program Files\Common Files\Autodesk Shared\;D:\git\TortoiseGit_install\bin;C:\Users\yangmeng\AppData\Local\Programs\Python\Python36\Scripts\;C:\Users\yangmeng\AppData\Local\Programs\Python\Python36\;C:\Users\yangmeng\AppData\Local\Microsoft\WindowsApps;"C:\Program Files\Java\jdk1.8.0_144\bin;C:\Program Files\Java\jdk1.8.0_144\jre\bin;";"C:\Tomcat\apache-tomcat-8.5.20\lib;C:\Tomcat\apache-tomcat-8.5.20\bin";C:\Program Files\MySQL\MySQL Server 5.7\bin;;C:\Users\yangmeng\AppData\Local\Programs\Fiddler;C:\Users\yangmeng\AppData\Local\Microsoft\WindowsApps;D:\vs-code\install\Microsoft VS Code\bin;C:\Users\yangmeng\AppData\Roaming\npm;.]
2020-06-23 12:57:53.918  INFO 14888 --- [ost-startStop-1] o.a.c.c.C.[Tomcat].[localhost].[/]       : Initializing Spring embedded WebApplicationContext
2020-06-23 12:57:53.919  INFO 14888 --- [ost-startStop-1] o.s.web.context.ContextLoader            : Root WebApplicationContext: initialization completed in 2501 ms
2020-06-23 12:57:54.035  INFO 14888 --- [ost-startStop-1] o.s.b.w.servlet.ServletRegistrationBean  : Servlet dispatcherServlet mapped to [/]
2020-06-23 12:57:54.036  INFO 14888 --- [ost-startStop-1] o.s.b.w.servlet.ServletRegistrationBean  : Servlet statViewServlet mapped to [/druid/*]
2020-06-23 12:57:54.040  INFO 14888 --- [ost-startStop-1] o.s.b.w.servlet.FilterRegistrationBean   : Mapping filter: 'characterEncodingFilter' to: [/*]
2020-06-23 12:57:54.040  INFO 14888 --- [ost-startStop-1] o.s.b.w.servlet.FilterRegistrationBean   : Mapping filter: 'hiddenHttpMethodFilter' to: [/*]
2020-06-23 12:57:54.040  INFO 14888 --- [ost-startStop-1] o.s.b.w.servlet.FilterRegistrationBean   : Mapping filter: 'httpPutFormContentFilter' to: [/*]
2020-06-23 12:57:54.040  INFO 14888 --- [ost-startStop-1] o.s.b.w.servlet.FilterRegistrationBean   : Mapping filter: 'requestContextFilter' to: [/*]
2020-06-23 12:57:54.040  INFO 14888 --- [ost-startStop-1] o.s.b.w.servlet.FilterRegistrationBean   : Mapping filter: 'webStatFilter' to urls: [/*]
2020-06-23 12:57:54.132  INFO 14888 --- [           main] c.a.d.s.b.a.DruidDataSourceAutoConfigure : Init DruidDataSource
2020-06-23 12:57:54.316  INFO 14888 --- [           main] com.alibaba.druid.pool.DruidDataSource   : {dataSource-1} inited
2020-06-23 12:57:54.718  INFO 14888 --- [           main] o.s.w.s.handler.SimpleUrlHandlerMapping  : Mapped URL path [/**/favicon.ico] onto handler of type [class org.springframework.web.servlet.resource.ResourceHttpRequestHandler]
2020-06-23 12:57:55.285  INFO 14888 --- [           main] s.w.s.m.m.a.RequestMappingHandlerAdapter : Looking for @ControllerAdvice: org.springframework.boot.web.servlet.context.AnnotationConfigServletWebServerApplicationContext@6aeb35e6: startup date [Tue Jun 23 12:57:51 CST 2020]; root of context hierarchy
2020-06-23 12:57:55.409  INFO 14888 --- [           main] s.w.s.m.m.a.RequestMappingHandlerMapping : Mapped "{[/forgetPassword]}" onto public java.lang.String com.jtkj.controller.login.forgetPasswordController.forgetPassword() throws java.lang.Exception
2020-06-23 12:57:55.410  INFO 14888 --- [           main] s.w.s.m.m.a.RequestMappingHandlerMapping : Mapped "{[/login-check]}" onto public java.util.Map<java.lang.String, java.lang.Object> com.jtkj.controller.login.loginController.login_result(java.lang.String,java.lang.String) throws java.lang.Exception
2020-06-23 12:57:55.413  INFO 14888 --- [           main] s.w.s.m.m.a.RequestMappingHandlerMapping : Mapped "{[/register]}" onto public java.lang.String com.jtkj.controller.login.RegisterController.register() throws java.lang.Exception
2020-06-23 12:57:55.415  INFO 14888 --- [           main] s.w.s.m.m.a.RequestMappingHandlerMapping : Mapped "{[/pageComponent1]}" onto public java.util.Map<java.lang.String, java.lang.Object> com.jtkj.controller.recognition.goods.pageComponent1(java.lang.String) throws java.lang.Exception
2020-06-23 12:57:55.415  INFO 14888 --- [           main] s.w.s.m.m.a.RequestMappingHandlerMapping : Mapped "{[/pageComponent6]}" onto public java.util.Map<java.lang.String, java.lang.Object> com.jtkj.controller.recognition.goods.pageComponent6(java.lang.String) throws java.lang.Exception
2020-06-23 12:57:55.417  INFO 14888 --- [           main] s.w.s.m.m.a.RequestMappingHandlerMapping : Mapped "{[/pageComponent2]}" onto public java.util.Map<java.lang.String, java.lang.Object> com.jtkj.controller.recognition.goods.pageComponent2(java.lang.String) throws java.lang.Exception
2020-06-23 12:57:55.417  INFO 14888 --- [           main] s.w.s.m.m.a.RequestMappingHandlerMapping : Mapped "{[/pageComponent5]}" onto public java.util.Map<java.lang.String, java.lang.Object> com.jtkj.controller.recognition.goods.pageComponent5(java.lang.String) throws java.lang.Exception
2020-06-23 12:57:55.418  INFO 14888 --- [           main] s.w.s.m.m.a.RequestMappingHandlerMapping : Mapped "{[/pageComponent4]}" onto public java.util.Map<java.lang.String, java.lang.Object> com.jtkj.controller.recognition.goods.pageComponent4(java.lang.String) throws java.lang.Exception
2020-06-23 12:57:55.418  INFO 14888 --- [           main] s.w.s.m.m.a.RequestMappingHandlerMapping : Mapped "{[/pageComponent3]}" onto public java.util.Map<java.lang.String, java.lang.Object> com.jtkj.controller.recognition.goods.pageComponent3(java.lang.String) throws java.lang.Exception
2020-06-23 12:57:55.419  INFO 14888 --- [           main] s.w.s.m.m.a.RequestMappingHandlerMapping : Mapped "{[/human2]}" onto public java.util.Map<java.lang.String, java.lang.Object> com.jtkj.controller.recognition.Human.human2(java.lang.String,java.lang.String) throws java.lang.Exception
2020-06-23 12:57:55.419  INFO 14888 --- [           main] s.w.s.m.m.a.RequestMappingHandlerMapping : Mapped "{[/human3]}" onto public java.util.Map<java.lang.String, java.lang.Object> com.jtkj.controller.recognition.Human.human3(java.lang.String,java.lang.String) throws java.lang.Exception
2020-06-23 12:57:55.419  INFO 14888 --- [           main] s.w.s.m.m.a.RequestMappingHandlerMapping : Mapped "{[/human1]}" onto public java.util.Map<java.lang.String, java.lang.Object> com.jtkj.controller.recognition.Human.human1(java.lang.String) throws java.lang.Exception
2020-06-23 12:57:55.420  INFO 14888 --- [           main] s.w.s.m.m.a.RequestMappingHandlerMapping : Mapped "{[/pictureTest]}" onto public java.util.Map<java.lang.String, java.lang.Object> com.jtkj.controller.sampleTest.uploadController.pictureTest(java.lang.String) throws java.lang.Exception
2020-06-23 12:57:55.421  INFO 14888 --- [           main] s.w.s.m.m.a.RequestMappingHandlerMapping : Mapped "{[/UploadFile]}" onto public java.util.Map<java.lang.String, java.lang.Object> com.jtkj.controller.sampleTest.uploadController.uploadFile(org.springframework.web.multipart.MultipartFile,java.lang.String,javax.servlet.http.HttpServletRequest) throws java.lang.Exception
2020-06-23 12:57:55.422  INFO 14888 --- [           main] s.w.s.m.m.a.RequestMappingHandlerMapping : Mapped "{[/account]}" onto public java.lang.String com.jtkj.controller.setting.accountController.account() throws java.lang.Exception
2020-06-23 12:57:55.455  INFO 14888 --- [           main] s.w.s.m.m.a.RequestMappingHandlerMapping : Mapped "{[/success]}" onto public java.lang.String com.jtkj.controller.success.successController.success() throws java.lang.Exception
2020-06-23 12:57:55.457  INFO 14888 --- [           main] s.w.s.m.m.a.RequestMappingHandlerMapping : Mapped "{[/index]}" onto public java.lang.String com.jtkj.test.testController.test() throws java.lang.Exception
2020-06-23 12:57:55.462  INFO 14888 --- [           main] s.w.s.m.m.a.RequestMappingHandlerMapping : Mapped "{[/error]}" onto public org.springframework.http.ResponseEntity<java.util.Map<java.lang.String, java.lang.Object>> org.springframework.boot.autoconfigure.web.servlet.error.BasicErrorController.error(javax.servlet.http.HttpServletRequest)
2020-06-23 12:57:55.465  INFO 14888 --- [           main] s.w.s.m.m.a.RequestMappingHandlerMapping : Mapped "{[/error],produces=[text/html]}" onto public org.springframework.web.servlet.ModelAndView org.springframework.boot.autoconfigure.web.servlet.error.BasicErrorController.errorHtml(javax.servlet.http.HttpServletRequest,javax.servlet.http.HttpServletResponse)
2020-06-23 12:57:55.504  INFO 14888 --- [           main] o.s.w.s.handler.SimpleUrlHandlerMapping  : Mapped URL path [/webjars/**] onto handler of type [class org.springframework.web.servlet.resource.ResourceHttpRequestHandler]
2020-06-23 12:57:55.504  INFO 14888 --- [           main] o.s.w.s.handler.SimpleUrlHandlerMapping  : Mapped URL path [/**] onto handler of type [class org.springframework.web.servlet.resource.ResourceHttpRequestHandler]
2020-06-23 12:57:55.671  WARN 14888 --- [           main] ion$DefaultTemplateResolverConfiguration : Cannot find template location: classpath:/templates/ (please add some templates or check your Thymeleaf configuration)
2020-06-23 12:57:57.016  INFO 14888 --- [           main] o.s.j.e.a.AnnotationMBeanExporter        : Registering beans for JMX exposure on startup
2020-06-23 12:57:57.018  INFO 14888 --- [           main] o.s.j.e.a.AnnotationMBeanExporter        : Bean with name 'statFilter' has been autodetected for JMX exposure
2020-06-23 12:57:57.021  INFO 14888 --- [           main] o.s.j.e.a.AnnotationMBeanExporter        : Bean with name 'dataSource' has been autodetected for JMX exposure
2020-06-23 12:57:57.026  INFO 14888 --- [           main] o.s.j.e.a.AnnotationMBeanExporter        : Located MBean 'dataSource': registering with JMX server as MBean [com.alibaba.druid.spring.boot.autoconfigure:name=dataSource,type=DruidDataSourceWrapper]
2020-06-23 12:57:57.029  INFO 14888 --- [           main] o.s.j.e.a.AnnotationMBeanExporter        : Located MBean 'statFilter': registering with JMX server as MBean [com.alibaba.druid.filter.stat:name=statFilter,type=StatFilter]
2020-06-23 12:57:57.112  INFO 14888 --- [           main] o.s.b.w.embedded.tomcat.TomcatWebServer  : Tomcat started on port(s): 9000 (http) with context path ''
2020-06-23 12:57:57.115  INFO 14888 --- [           main] o.s.boot.SpringApplication               : Started application in 6.141 seconds (JVM running for 6.578)
2020-06-23 12:58:52.018  INFO 14888 --- [nio-9000-exec-1] o.a.c.c.C.[Tomcat].[localhost].[/]       : Initializing Spring FrameworkServlet 'dispatcherServlet'
2020-06-23 12:58:52.018  INFO 14888 --- [nio-9000-exec-1] o.s.web.servlet.DispatcherServlet        : FrameworkServlet 'dispatcherServlet': initialization started
2020-06-23 12:58:52.068  INFO 14888 --- [nio-9000-exec-1] o.s.web.servlet.DispatcherServlet        : FrameworkServlet 'dispatcherServlet': initialization completed in 50 ms
µÇÂ¼³É¹¦
